<?xml version="1.0" encoding="UTF-8"?>
<!-- Generated by org.testng.reporters.JUnitXMLReporter -->
<testsuite ignored="0" hostname="Sumathi" failures="2" tests="2" name="Default test" time="19.317" errors="0" timestamp="2022-11-21T10:26:19 MST">
  <testcase classname="io.cucumber.testng.AbstractTestNGCucumberTests" name="runScenario" time="11.192">
    <failure type="java.lang.NullPointerException">
      <![CDATA[java.lang.NullPointerException
at stepDefinitions.LandingStepDef.user_search_the_product_from_and_rownumber(LandingStepDef.java:43)
at ✽.User search the product from "product" and rownumber "0"(file:///C:/Users/nsuma/OneDrive/Desktop/NEWCLONE/CucumberBDD/src/test/java/Feature/Shopping.feature:7)
]]>
    </failure>
  </testcase> <!-- runScenario -->
  <testcase classname="io.cucumber.testng.AbstractTestNGCucumberTests" name="runScenario" time="7.702">
    <failure type="java.lang.NullPointerException">
      <![CDATA[java.lang.NullPointerException
at stepDefinitions.LandingStepDef.user_search_the_product_from_and_rownumber(LandingStepDef.java:43)
at ✽.User search the product from "product" and rownumber "1"(file:///C:/Users/nsuma/OneDrive/Desktop/NEWCLONE/CucumberBDD/src/test/java/Feature/Shopping.feature:7)
]]>
    </failure>
  </testcase> <!-- runScenario -->
</testsuite> <!-- Default test -->
